# JRE version: OpenJDK Runtime Environment Microsoft-8035246 (17.0.8+7) (build 17.0.8+7-LTS)
# Java VM: OpenJDK 64-Bit Server VM Microsoft-8035246 (17.0.8+7-LTS, mixed mode, sharing, tiered, compressed oops, compressed class ptrs, g1 gc, windows-amd64)
GC Precious Log:
 CPUs: 4 total, 4 available
 Memory: 24453M
 Large Page Support: Disabled
 NUMA Support: Disabled
 Compressed Oops: Enabled (32-bit)
 Heap Region Size: 1M
 Heap Min Capacity: 8M
 Heap Initial Capacity: 384M
 Heap Max Capacity: 2G
 Pre-touch: Disabled
 Parallel Workers: 4
 Concurrent Workers: 1
 Concurrent Refinement Workers: 4
 Periodic GC: Disabled
Heap:
 garbage-first heap   total 312320K, used 219019K [0x0000000080000000, 0x0000000100000000)
  region size 1024K, 27 young (27648K), 5 survivors (5120K)
 Metaspace       used 103302K, committed 104576K, reserved 557056K
  class space    used 14368K, committed 14976K, reserved 425984K
GC Heap History (20 events):
Event: 28.995 GC heap before
{Heap before GC invocations=30 (full 0):
 garbage-first heap   total 243712K, used 193597K [0x0000000080000000, 0x0000000100000000)
  region size 1024K, 67 young (68608K), 7 survivors (7168K)
 Metaspace       used 91752K, committed 92800K, reserved 557056K
  class space    used 12959K, committed 13440K, reserved 425984K
}
Event: 29.005 GC heap after
{Heap after GC invocations=31 (full 0):
 garbage-first heap   total 243712K, used 140288K [0x0000000080000000, 0x0000000100000000)
  region size 1024K, 8 young (8192K), 8 survivors (8192K)
 Metaspace       used 91752K, committed 92800K, reserved 557056K
  class space    used 12959K, committed 13440K, reserved 425984K
}
Event: 29.030 GC heap before
{Heap before GC invocations=31 (full 0):
 garbage-first heap   total 243712K, used 143360K [0x0000000080000000, 0x0000000100000000)
  region size 1024K, 11 young (11264K), 8 survivors (8192K)
 Metaspace       used 91809K, committed 92864K, reserved 557056K
  class space    used 12969K, committed 13440K, reserved 425984K
}
Event: 29.037 GC heap after
{Heap after GC invocations=32 (full 0):
 garbage-first heap   total 292864K, used 140920K [0x0000000080000000, 0x0000000100000000)
  region size 1024K, 2 young (2048K), 2 survivors (2048K)
 Metaspace       used 91809K, committed 92864K, reserved 557056K
  class space    used 12969K, committed 13440K, reserved 425984K
}
Event: 30.127 GC heap before
{Heap before GC invocations=32 (full 0):
 garbage-first heap   total 292864K, used 215672K [0x0000000080000000, 0x0000000100000000)
  region size 1024K, 77 young (78848K), 2 survivors (2048K)
 Metaspace       used 94689K, committed 95744K, reserved 557056K
  class space    used 13313K, committed 13760K, reserved 425984K
}
Event: 30.136 GC heap after
{Heap after GC invocations=33 (full 0):
 garbage-first heap   total 292864K, used 147567K [0x0000000080000000, 0x0000000100000000)
  region size 1024K, 8 young (8192K), 8 survivors (8192K)
 Metaspace       used 94689K, committed 95744K, reserved 557056K
  class space    used 13313K, committed 13760K, reserved 425984K
}
Event: 32.102 GC heap before
{Heap before GC invocations=34 (full 0):
 garbage-first heap   total 292864K, used 236655K [0x0000000080000000, 0x0000000100000000)
  region size 1024K, 90 young (92160K), 8 survivors (8192K)
 Metaspace       used 96832K, committed 97984K, reserved 557056K
  class space    used 13546K, committed 14016K, reserved 425984K
}
Event: 32.120 GC heap after
{Heap after GC invocations=35 (full 0):
 garbage-first heap   total 292864K, used 173416K [0x0000000080000000, 0x0000000100000000)
  region size 1024K, 12 young (12288K), 12 survivors (12288K)
 Metaspace       used 96832K, committed 97984K, reserved 557056K
  class space    used 13546K, committed 14016K, reserved 425984K
}
Event: 32.176 GC heap before
{Heap before GC invocations=35 (full 0):
 garbage-first heap   total 292864K, used 175464K [0x0000000080000000, 0x0000000100000000)
  region size 1024K, 14 young (14336K), 12 survivors (12288K)
 Metaspace       used 96902K, committed 98112K, reserved 557056K
  class space    used 13555K, committed 14080K, reserved 425984K
}
Event: 32.185 GC heap after
{Heap after GC invocations=36 (full 0):
 garbage-first heap   total 292864K, used 175467K [0x0000000080000000, 0x0000000100000000)
  region size 1024K, 2 young (2048K), 2 survivors (2048K)
 Metaspace       used 96902K, committed 98112K, reserved 557056K
  class space    used 13555K, committed 14080K, reserved 425984K
}
Event: 33.021 GC heap before
{Heap before GC invocations=36 (full 0):
 garbage-first heap   total 292864K, used 234859K [0x0000000080000000, 0x0000000100000000)
  region size 1024K, 60 young (61440K), 2 survivors (2048K)
 Metaspace       used 100945K, committed 102208K, reserved 557056K
  class space    used 14137K, committed 14720K, reserved 425984K
}
Event: 33.032 GC heap after
{Heap after GC invocations=37 (full 0):
 garbage-first heap   total 292864K, used 179824K [0x0000000080000000, 0x0000000100000000)
  region size 1024K, 6 young (6144K), 6 survivors (6144K)
 Metaspace       used 100945K, committed 102208K, reserved 557056K
  class space    used 14137K, committed 14720K, reserved 425984K
}
Event: 34.056 GC heap before
{Heap before GC invocations=38 (full 0):
 garbage-first heap   total 312320K, used 236144K [0x0000000080000000, 0x0000000100000000)
  region size 1024K, 61 young (62464K), 6 survivors (6144K)
 Metaspace       used 101785K, committed 103040K, reserved 557056K
  class space    used 14205K, committed 14784K, reserved 425984K
}
Event: 34.070 GC heap after
{Heap after GC invocations=39 (full 0):
 garbage-first heap   total 312320K, used 187037K [0x0000000080000000, 0x0000000100000000)
  region size 1024K, 8 young (8192K), 8 survivors (8192K)
 Metaspace       used 101785K, committed 103040K, reserved 557056K
  class space    used 14205K, committed 14784K, reserved 425984K
}
Event: 34.166 GC heap before
{Heap before GC invocations=39 (full 0):
 garbage-first heap   total 312320K, used 194205K [0x0000000080000000, 0x0000000100000000)
  region size 1024K, 15 young (15360K), 8 survivors (8192K)
 Metaspace       used 101816K, committed 103040K, reserved 557056K
  class space    used 14205K, committed 14784K, reserved 425984K
}
Event: 34.176 GC heap after
{Heap after GC invocations=40 (full 0):
 garbage-first heap   total 312320K, used 187120K [0x0000000080000000, 0x0000000100000000)
  region size 1024K, 2 young (2048K), 2 survivors (2048K)
 Metaspace       used 101816K, committed 103040K, reserved 557056K
  class space    used 14205K, committed 14784K, reserved 425984K
}
Event: 34.983 GC heap before
{Heap before GC invocations=40 (full 0):
 garbage-first heap   total 312320K, used 250608K [0x0000000080000000, 0x0000000100000000)
  region size 1024K, 64 young (65536K), 2 survivors (2048K)
 Metaspace       used 102509K, committed 103744K, reserved 557056K
  class space    used 14284K, committed 14848K, reserved 425984K
}
Event: 34.994 GC heap after
{Heap after GC invocations=41 (full 0):
 garbage-first heap   total 312320K, used 193501K [0x0000000080000000, 0x0000000100000000)
  region size 1024K, 8 young (8192K), 8 survivors (8192K)
 Metaspace       used 102509K, committed 103744K, reserved 557056K
  class space    used 14284K, committed 14848K, reserved 425984K
}
Event: 35.954 GC heap before
{Heap before GC invocations=41 (full 0):
 garbage-first heap   total 312320K, used 253917K [0x0000000080000000, 0x0000000100000000)
  region size 1024K, 68 young (69632K), 8 survivors (8192K)
 Metaspace       used 103240K, committed 104512K, reserved 557056K
  class space    used 14368K, committed 14976K, reserved 425984K
}
Event: 35.964 GC heap after
{Heap after GC invocations=42 (full 0):
 garbage-first heap   total 312320K, used 198539K [0x0000000080000000, 0x0000000100000000)
  region size 1024K, 5 young (5120K), 5 survivors (5120K)
 Metaspace       used 103240K, committed 104512K, reserved 557056K
  class space    used 14368K, committed 14976K, reserved 425984K
}

