# JRE version: OpenJDK Runtime Environment Microsoft-8035246 (17.0.8+7) (build 17.0.8+7-LTS)
# Java VM: OpenJDK 64-Bit Server VM Microsoft-8035246 (17.0.8+7-LTS, mixed mode, sharing, tiered, compressed oops, compressed class ptrs, g1 gc, windows-amd64)
GC Precious Log:
 CPUs: 4 total, 4 available
 Memory: 24453M
 Large Page Support: Disabled
 NUMA Support: Disabled
 Compressed Oops: Enabled (32-bit)
 Heap Region Size: 1M
 Heap Min Capacity: 8M
 Heap Initial Capacity: 384M
 Heap Max Capacity: 2G
 Pre-touch: Disabled
 Parallel Workers: 4
 Concurrent Workers: 1
 Concurrent Refinement Workers: 4
 Periodic GC: Disabled
Heap:
 garbage-first heap   total 162816K, used 91307K [0x0000000080000000, 0x0000000100000000)
  region size 1024K, 10 young (10240K), 3 survivors (3072K)
 Metaspace       used 77060K, committed 77760K, reserved 557056K
  class space    used 10688K, committed 11008K, reserved 425984K
GC Heap History (20 events):
Event: 46.450 GC heap before
{Heap before GC invocations=25 (full 0):
 garbage-first heap   total 104448K, used 59323K [0x0000000080000000, 0x0000000100000000)
  region size 1024K, 5 young (5120K), 4 survivors (4096K)
 Metaspace       used 58544K, committed 59136K, reserved 491520K
  class space    used 8220K, committed 8512K, reserved 425984K
}
Event: 46.454 GC heap after
{Heap after GC invocations=26 (full 0):
 garbage-first heap   total 104448K, used 58581K [0x0000000080000000, 0x0000000100000000)
  region size 1024K, 1 young (1024K), 1 survivors (1024K)
 Metaspace       used 58544K, committed 59136K, reserved 491520K
  class space    used 8220K, committed 8512K, reserved 425984K
}
Event: 47.314 GC heap before
{Heap before GC invocations=26 (full 0):
 garbage-first heap   total 104448K, used 85205K [0x0000000080000000, 0x0000000100000000)
  region size 1024K, 27 young (27648K), 1 survivors (1024K)
 Metaspace       used 60083K, committed 60736K, reserved 491520K
  class space    used 8447K, committed 8768K, reserved 425984K
}
Event: 47.316 GC heap after
{Heap after GC invocations=27 (full 0):
 garbage-first heap   total 104448K, used 59525K [0x0000000080000000, 0x0000000100000000)
  region size 1024K, 2 young (2048K), 2 survivors (2048K)
 Metaspace       used 60083K, committed 60736K, reserved 491520K
  class space    used 8447K, committed 8768K, reserved 425984K
}
Event: 47.690 GC heap before
{Heap before GC invocations=28 (full 0):
 garbage-first heap   total 111616K, used 86149K [0x0000000080000000, 0x0000000100000000)
  region size 1024K, 28 young (28672K), 2 survivors (2048K)
 Metaspace       used 61674K, committed 62336K, reserved 491520K
  class space    used 8705K, committed 9024K, reserved 425984K
}
Event: 47.694 GC heap after
{Heap after GC invocations=29 (full 0):
 garbage-first heap   total 111616K, used 60833K [0x0000000080000000, 0x0000000100000000)
  region size 1024K, 3 young (3072K), 3 survivors (3072K)
 Metaspace       used 61674K, committed 62336K, reserved 491520K
  class space    used 8705K, committed 9024K, reserved 425984K
}
Event: 47.729 GC heap before
{Heap before GC invocations=29 (full 0):
 garbage-first heap   total 111616K, used 62881K [0x0000000080000000, 0x0000000100000000)
  region size 1024K, 5 young (5120K), 3 survivors (3072K)
 Metaspace       used 61800K, committed 62464K, reserved 491520K
  class space    used 8726K, committed 9024K, reserved 425984K
}
Event: 47.734 GC heap after
{Heap after GC invocations=30 (full 0):
 garbage-first heap   total 111616K, used 60671K [0x0000000080000000, 0x0000000100000000)
  region size 1024K, 1 young (1024K), 1 survivors (1024K)
 Metaspace       used 61800K, committed 62464K, reserved 491520K
  class space    used 8726K, committed 9024K, reserved 425984K
}
Event: 48.872 GC heap before
{Heap before GC invocations=30 (full 0):
 garbage-first heap   total 111616K, used 92415K [0x0000000080000000, 0x0000000100000000)
  region size 1024K, 32 young (32768K), 1 survivors (1024K)
 Metaspace       used 63703K, committed 64384K, reserved 491520K
  class space    used 8979K, committed 9280K, reserved 425984K
}
Event: 48.877 GC heap after
{Heap after GC invocations=31 (full 0):
 garbage-first heap   total 159744K, used 64257K [0x0000000080000000, 0x0000000100000000)
  region size 1024K, 4 young (4096K), 4 survivors (4096K)
 Metaspace       used 63703K, committed 64384K, reserved 491520K
  class space    used 8979K, committed 9280K, reserved 425984K
}
Event: 50.168 GC heap before
{Heap before GC invocations=32 (full 0):
 garbage-first heap   total 159744K, used 131841K [0x0000000080000000, 0x0000000100000000)
  region size 1024K, 66 young (67584K), 4 survivors (4096K)
 Metaspace       used 66866K, committed 67520K, reserved 491520K
  class space    used 9420K, committed 9728K, reserved 425984K
}
Event: 50.177 GC heap after
{Heap after GC invocations=33 (full 0):
 garbage-first heap   total 159744K, used 77579K [0x0000000080000000, 0x0000000100000000)
  region size 1024K, 9 young (9216K), 9 survivors (9216K)
 Metaspace       used 66866K, committed 67520K, reserved 491520K
  class space    used 9420K, committed 9728K, reserved 425984K
}
Event: 51.402 GC heap before
{Heap before GC invocations=33 (full 0):
 garbage-first heap   total 159744K, used 119563K [0x0000000080000000, 0x0000000100000000)
  region size 1024K, 48 young (49152K), 9 survivors (9216K)
 Metaspace       used 70761K, committed 71424K, reserved 491520K
  class space    used 9845K, committed 10176K, reserved 425984K
}
Event: 51.407 GC heap after
{Heap after GC invocations=34 (full 0):
 garbage-first heap   total 159744K, used 83738K [0x0000000080000000, 0x0000000100000000)
  region size 1024K, 4 young (4096K), 4 survivors (4096K)
 Metaspace       used 70761K, committed 71424K, reserved 491520K
  class space    used 9845K, committed 10176K, reserved 425984K
}
Event: 52.500 GC heap before
{Heap before GC invocations=35 (full 0):
 garbage-first heap   total 162816K, used 130842K [0x0000000080000000, 0x0000000100000000)
  region size 1024K, 47 young (48128K), 4 survivors (4096K)
 Metaspace       used 73212K, committed 73920K, reserved 491520K
  class space    used 10174K, committed 10496K, reserved 425984K
}
Event: 52.504 GC heap after
{Heap after GC invocations=36 (full 0):
 garbage-first heap   total 162816K, used 83296K [0x0000000080000000, 0x0000000100000000)
  region size 1024K, 6 young (6144K), 6 survivors (6144K)
 Metaspace       used 73212K, committed 73920K, reserved 491520K
  class space    used 10174K, committed 10496K, reserved 425984K
}
Event: 52.625 GC heap before
{Heap before GC invocations=36 (full 0):
 garbage-first heap   total 162816K, used 84320K [0x0000000080000000, 0x0000000100000000)
  region size 1024K, 7 young (7168K), 6 survivors (6144K)
 Metaspace       used 73290K, committed 73984K, reserved 491520K
  class space    used 10184K, committed 10496K, reserved 425984K
}
Event: 52.629 GC heap after
{Heap after GC invocations=37 (full 0):
 garbage-first heap   total 162816K, used 83802K [0x0000000080000000, 0x0000000100000000)
  region size 1024K, 1 young (1024K), 1 survivors (1024K)
 Metaspace       used 73290K, committed 73984K, reserved 491520K
  class space    used 10184K, committed 10496K, reserved 425984K
}
Event: 54.055 GC heap before
{Heap before GC invocations=37 (full 0):
 garbage-first heap   total 162816K, used 131930K [0x0000000080000000, 0x0000000100000000)
  region size 1024K, 48 young (49152K), 1 survivors (1024K)
 Metaspace       used 76903K, committed 77696K, reserved 557056K
  class space    used 10647K, committed 11008K, reserved 425984K
}
Event: 54.058 GC heap after
{Heap after GC invocations=38 (full 0):
 garbage-first heap   total 162816K, used 85163K [0x0000000080000000, 0x0000000100000000)
  region size 1024K, 3 young (3072K), 3 survivors (3072K)
 Metaspace       used 76903K, committed 77696K, reserved 557056K
  class space    used 10647K, committed 11008K, reserved 425984K
}

