# JRE version: OpenJDK Runtime Environment Microsoft-8035246 (17.0.8+7) (build 17.0.8+7-LTS)
# Java VM: OpenJDK 64-Bit Server VM Microsoft-8035246 (17.0.8+7-LTS, mixed mode, sharing, tiered, compressed oops, compressed class ptrs, g1 gc, windows-amd64)
GC Precious Log:
 CPUs: 4 total, 4 available
 Memory: 24453M
 Large Page Support: Disabled
 NUMA Support: Disabled
 Compressed Oops: Enabled (32-bit)
 Heap Region Size: 1M
 Heap Min Capacity: 8M
 Heap Initial Capacity: 384M
 Heap Max Capacity: 2G
 Pre-touch: Disabled
 Parallel Workers: 4
 Concurrent Workers: 1
 Concurrent Refinement Workers: 4
 Periodic GC: Disabled
Heap:
 garbage-first heap   total 393216K, used 302760K [0x0000000080000000, 0x0000000100000000)
  region size 1024K, 23 young (23552K), 2 survivors (2048K)
 Metaspace       used 143712K, committed 145472K, reserved 557056K
  class space    used 19850K, committed 20608K, reserved 425984K
GC Heap History (20 events):
Event: 106.168 GC heap before
{Heap before GC invocations=59 (full 0):
 garbage-first heap   total 327680K, used 288445K [0x0000000080000000, 0x0000000100000000)
  region size 1024K, 35 young (35840K), 4 survivors (4096K)
 Metaspace       used 137976K, committed 139584K, reserved 557056K
  class space    used 18983K, committed 19712K, reserved 425984K
}
Event: 106.171 GC heap after
{Heap after GC invocations=60 (full 0):
 garbage-first heap   total 327680K, used 257405K [0x0000000080000000, 0x0000000100000000)
  region size 1024K, 2 young (2048K), 2 survivors (2048K)
 Metaspace       used 137976K, committed 139584K, reserved 557056K
  class space    used 18983K, committed 19712K, reserved 425984K
}
Event: 106.471 GC heap before
{Heap before GC invocations=60 (full 0):
 garbage-first heap   total 327680K, used 288125K [0x0000000080000000, 0x0000000100000000)
  region size 1024K, 32 young (32768K), 2 survivors (2048K)
 Metaspace       used 139856K, committed 141504K, reserved 557056K
  class space    used 19249K, committed 19968K, reserved 425984K
}
Event: 106.475 GC heap after
{Heap after GC invocations=61 (full 0):
 garbage-first heap   total 327680K, used 260208K [0x0000000080000000, 0x0000000100000000)
  region size 1024K, 4 young (4096K), 4 survivors (4096K)
 Metaspace       used 139856K, committed 141504K, reserved 557056K
  class space    used 19249K, committed 19968K, reserved 425984K
}
Event: 106.747 GC heap before
{Heap before GC invocations=61 (full 0):
 garbage-first heap   total 327680K, used 287856K [0x0000000080000000, 0x0000000100000000)
  region size 1024K, 31 young (31744K), 4 survivors (4096K)
 Metaspace       used 140634K, committed 142272K, reserved 557056K
  class space    used 19367K, committed 20096K, reserved 425984K
}
Event: 106.753 GC heap after
{Heap after GC invocations=62 (full 0):
 garbage-first heap   total 327680K, used 264089K [0x0000000080000000, 0x0000000100000000)
  region size 1024K, 4 young (4096K), 4 survivors (4096K)
 Metaspace       used 140634K, committed 142272K, reserved 557056K
  class space    used 19367K, committed 20096K, reserved 425984K
}
Event: 107.068 GC heap before
{Heap before GC invocations=62 (full 0):
 garbage-first heap   total 327680K, used 286617K [0x0000000080000000, 0x0000000100000000)
  region size 1024K, 26 young (26624K), 4 survivors (4096K)
 Metaspace       used 141387K, committed 143040K, reserved 557056K
  class space    used 19516K, committed 20288K, reserved 425984K
}
Event: 107.075 GC heap after
{Heap after GC invocations=63 (full 0):
 garbage-first heap   total 327680K, used 268255K [0x0000000080000000, 0x0000000100000000)
  region size 1024K, 4 young (4096K), 4 survivors (4096K)
 Metaspace       used 141387K, committed 143040K, reserved 557056K
  class space    used 19516K, committed 20288K, reserved 425984K
}
Event: 107.334 GC heap before
{Heap before GC invocations=63 (full 0):
 garbage-first heap   total 327680K, used 286687K [0x0000000080000000, 0x0000000100000000)
  region size 1024K, 22 young (22528K), 4 survivors (4096K)
 Metaspace       used 141739K, committed 143488K, reserved 557056K
  class space    used 19566K, committed 20352K, reserved 425984K
}
Event: 107.343 GC heap after
{Heap after GC invocations=64 (full 0):
 garbage-first heap   total 327680K, used 274431K [0x0000000080000000, 0x0000000100000000)
  region size 1024K, 3 young (3072K), 3 survivors (3072K)
 Metaspace       used 141739K, committed 143488K, reserved 557056K
  class space    used 19566K, committed 20352K, reserved 425984K
}
Event: 107.503 GC heap before
{Heap before GC invocations=64 (full 0):
 garbage-first heap   total 327680K, used 287743K [0x0000000080000000, 0x0000000100000000)
  region size 1024K, 16 young (16384K), 3 survivors (3072K)
 Metaspace       used 141758K, committed 143552K, reserved 557056K
  class space    used 19566K, committed 20352K, reserved 425984K
}
Event: 107.510 GC heap after
{Heap after GC invocations=65 (full 0):
 garbage-first heap   total 327680K, used 277086K [0x0000000080000000, 0x0000000100000000)
  region size 1024K, 2 young (2048K), 2 survivors (2048K)
 Metaspace       used 141758K, committed 143552K, reserved 557056K
  class space    used 19566K, committed 20352K, reserved 425984K
}
Event: 107.676 GC heap before
{Heap before GC invocations=65 (full 0):
 garbage-first heap   total 327680K, used 291422K [0x0000000080000000, 0x0000000100000000)
  region size 1024K, 16 young (16384K), 2 survivors (2048K)
 Metaspace       used 141973K, committed 143808K, reserved 557056K
  class space    used 19603K, committed 20416K, reserved 425984K
}
Event: 107.680 GC heap after
{Heap after GC invocations=66 (full 0):
 garbage-first heap   total 327680K, used 279290K [0x0000000080000000, 0x0000000100000000)
  region size 1024K, 2 young (2048K), 2 survivors (2048K)
 Metaspace       used 141973K, committed 143808K, reserved 557056K
  class space    used 19603K, committed 20416K, reserved 425984K
}
Event: 107.772 GC heap before
{Heap before GC invocations=66 (full 0):
 garbage-first heap   total 327680K, used 293626K [0x0000000080000000, 0x0000000100000000)
  region size 1024K, 16 young (16384K), 2 survivors (2048K)
 Metaspace       used 142470K, committed 144320K, reserved 557056K
  class space    used 19670K, committed 20480K, reserved 425984K
}
Event: 107.775 GC heap after
{Heap after GC invocations=67 (full 0):
 garbage-first heap   total 327680K, used 280964K [0x0000000080000000, 0x0000000100000000)
  region size 1024K, 2 young (2048K), 2 survivors (2048K)
 Metaspace       used 142470K, committed 144320K, reserved 557056K
  class space    used 19670K, committed 20480K, reserved 425984K
}
Event: 107.872 GC heap before
{Heap before GC invocations=67 (full 0):
 garbage-first heap   total 327680K, used 295300K [0x0000000080000000, 0x0000000100000000)
  region size 1024K, 16 young (16384K), 2 survivors (2048K)
 Metaspace       used 142908K, committed 144704K, reserved 557056K
  class space    used 19732K, committed 20544K, reserved 425984K
}
Event: 107.875 GC heap after
{Heap after GC invocations=68 (full 0):
 garbage-first heap   total 327680K, used 282626K [0x0000000080000000, 0x0000000100000000)
  region size 1024K, 2 young (2048K), 2 survivors (2048K)
 Metaspace       used 142908K, committed 144704K, reserved 557056K
  class space    used 19732K, committed 20544K, reserved 425984K
}
Event: 107.989 GC heap before
{Heap before GC invocations=68 (full 0):
 garbage-first heap   total 327680K, used 296962K [0x0000000080000000, 0x0000000100000000)
  region size 1024K, 16 young (16384K), 2 survivors (2048K)
 Metaspace       used 143262K, committed 145024K, reserved 557056K
  class space    used 19782K, committed 20544K, reserved 425984K
}
Event: 107.992 GC heap after
{Heap after GC invocations=69 (full 0):
 garbage-first heap   total 393216K, used 284328K [0x0000000080000000, 0x0000000100000000)
  region size 1024K, 2 young (2048K), 2 survivors (2048K)
 Metaspace       used 143262K, committed 145024K, reserved 557056K
  class space    used 19782K, committed 20544K, reserved 425984K
}

